Using pre-set license
Built from '2020.3/staging' branch; Version is '2020.3.11f1 (99c7afb366b3) revision 10078127'; Using compiler version '192528614'; Build Type 'Release'
OS: 'Windows 10 Pro; OS build 19041.264; Version 2004; 64bit' Language: 'en' Physical Memory: 8066 MB
BatchMode: 1, IsHumanControllingUs: 0, StartBugReporterOnCrash: 0, Is64bit: 1, IsPro: 0

 COMMAND LINE ARGUMENTS:
C:\Program Files\Unity\Hub\Editor\2020.3.11f1\Editor\Unity.exe
-adb2
-batchMode
-noUpm
-name
AssetImportWorker0
-projectPath
C:/Users/Admin/Desktop/ChessGame
-logFile
Logs/AssetImportWorker0.log
-srvPort
54884
Successfully changed project path to: C:/Users/Admin/Desktop/ChessGame
C:/Users/Admin/Desktop/ChessGame
Using Asset Import Pipeline V2.
Refreshing native plugins compatible for Editor in 73.94 ms, found 2 plugins.
Preloading 0 native plugins for Editor in 0.00 ms.
Initialize engine version: 2020.3.11f1 (99c7afb366b3)
[Subsystems] Discovering subsystems at path C:/Program Files/Unity/Hub/Editor/2020.3.11f1/Editor/Data/Resources/UnitySubsystems
[Subsystems] Discovering subsystems at path C:/Users/Admin/Desktop/ChessGame/Assets
GfxDevice: creating device client; threaded=0
Direct3D:
    Version:  Direct3D 11.0 [level 11.1]
    Renderer: Intel(R) HD Graphics 620 (ID=0x5916)
    Vendor:   
    VRAM:     4033 MB
    Driver:   27.20.100.9316
Initialize mono
Mono path[0] = 'C:/Program Files/Unity/Hub/Editor/2020.3.11f1/Editor/Data/Managed'
Mono path[1] = 'C:/Program Files/Unity/Hub/Editor/2020.3.11f1/Editor/Data/MonoBleedingEdge/lib/mono/unityjit'
Mono config path = 'C:/Program Files/Unity/Hub/Editor/2020.3.11f1/Editor/Data/MonoBleedingEdge/etc'
Using monoOptions --debugger-agent=transport=dt_socket,embedding=1,server=y,suspend=n,address=127.0.0.1:56000
Begin MonoManager ReloadAssembly
Registering precompiled unity dll's ...
Register platform support module: C:/Program Files/Unity/Hub/Editor/2020.3.11f1/Editor/Data/PlaybackEngines/WindowsStandaloneSupport/UnityEditor.WindowsStandalone.Extensions.dll
Registered in 0.001801 seconds.
Native extension for WindowsStandalone target not found
Refreshing native plugins compatible for Editor in 67.89 ms, found 2 plugins.
Preloading 0 native plugins for Editor in 0.00 ms.
Mono: successfully reloaded assembly
- Completed reload, in  1.529 seconds
Platform modules already initialized, skipping
Registering precompiled user dll's ...
Registered in 0.005601 seconds.
Begin MonoManager ReloadAssembly
Native extension for WindowsStandalone target not found
Refreshing native plugins compatible for Editor in 0.71 ms, found 2 plugins.
Preloading 0 native plugins for Editor in 0.00 ms.
Mono: successfully reloaded assembly
- Completed reload, in  1.802 seconds
Platform modules already initialized, skipping
========================================================================
Worker process is ready to serve import requests
Launched and connected shader compiler UnityShaderCompiler.exe after 0.05 seconds
Refreshing native plugins compatible for Editor in 1.35 ms, found 2 plugins.
Preloading 0 native plugins for Editor in 0.00 ms.
Unloading 1943 Unused Serialized files (Serialized files now loaded: 0)
System memory in use before: 80.3 MB.
System memory in use after: 80.4 MB.

Unloading 58 unused Assets to reduce memory usage. Loaded Objects now: 2349.
Total: 12.992100 ms (FindLiveObjects: 0.217000 ms CreateObjectMapping: 0.090600 ms MarkObjects: 12.562100 ms  DeleteObjects: 0.120100 ms)

========================================================================
Received Import Request.
  path: Assets/Scenes/TestScene.unity
  artifactKey: Guid(1b5b189cbac6d0e43910c83cfb937478) Importer(815301076,1909f56bfc062723c751e8b465ee728b)
Start importing Assets/Scenes/TestScene.unity using Guid(1b5b189cbac6d0e43910c83cfb937478) Importer(815301076,1909f56bfc062723c751e8b465ee728b)  -> (artifact id: '9fe90beb7cdfbe7e4ab7914d93d27060') in 0.020241 seconds
  Import took 0.152695 seconds .

========================================================================
Received Prepare
Refreshing native plugins compatible for Editor in 14.20 ms, found 2 plugins.
Preloading 0 native plugins for Editor in 0.00 ms.
Unloading 47 Unused Serialized files (Serialized files now loaded: 0)
System memory in use before: 42.7 MB.
System memory in use after: 42.8 MB.

Unloading 47 unused Assets to reduce memory usage. Loaded Objects now: 2349.
Total: 8.809100 ms (FindLiveObjects: 0.328700 ms CreateObjectMapping: 0.141600 ms MarkObjects: 8.291100 ms  DeleteObjects: 0.045800 ms)

========================================================================
Received Prepare
Registering precompiled user dll's ...
Registered in 0.005036 seconds.
Begin MonoManager ReloadAssembly
Native extension for WindowsStandalone target not found
Refreshing native plugins compatible for Editor in 0.71 ms, found 2 plugins.
Preloading 0 native plugins for Editor in 0.00 ms.
Mono: successfully reloaded assembly
- Completed reload, in  1.665 seconds
Platform modules already initialized, skipping
Refreshing native plugins compatible for Editor in 0.88 ms, found 2 plugins.
Preloading 0 native plugins for Editor in 0.00 ms.
Unloading 1937 Unused Serialized files (Serialized files now loaded: 0)
System memory in use before: 80.2 MB.
System memory in use after: 80.3 MB.

Unloading 49 unused Assets to reduce memory usage. Loaded Objects now: 2352.
Total: 7.199200 ms (FindLiveObjects: 0.230600 ms CreateObjectMapping: 0.105000 ms MarkObjects: 6.820800 ms  DeleteObjects: 0.040500 ms)

========================================================================
Received Import Request.
  Time since last request: 90.929469 seconds.
  path: Assets/Scenes/TestScene.unity
  artifactKey: Guid(1b5b189cbac6d0e43910c83cfb937478) Importer(815301076,1909f56bfc062723c751e8b465ee728b)
Start importing Assets/Scenes/TestScene.unity using Guid(1b5b189cbac6d0e43910c83cfb937478) Importer(815301076,1909f56bfc062723c751e8b465ee728b)  -> (artifact id: '9353e65ec54e5a1febccfe618cb8d8f3') in 0.019029 seconds
  Import took 0.068399 seconds .

========================================================================
Received Prepare
Registering precompiled user dll's ...
Registered in 0.055298 seconds.
Begin MonoManager ReloadAssembly
Native extension for WindowsStandalone target not found
Refreshing native plugins compatible for Editor in 1.13 ms, found 2 plugins.
Preloading 0 native plugins for Editor in 0.00 ms.
Mono: successfully reloaded assembly
- Completed reload, in  1.370 seconds
Platform modules already initialized, skipping
Refreshing native plugins compatible for Editor in 0.71 ms, found 2 plugins.
Preloading 0 native plugins for Editor in 0.00 ms.
Unloading 1937 Unused Serialized files (Serialized files now loaded: 0)
System memory in use before: 80.2 MB.
System memory in use after: 80.3 MB.

Unloading 49 unused Assets to reduce memory usage. Loaded Objects now: 2355.
Total: 15.082400 ms (FindLiveObjects: 0.612900 ms CreateObjectMapping: 0.256400 ms MarkObjects: 14.155800 ms  DeleteObjects: 0.055000 ms)

========================================================================
Received Import Request.
  Time since last request: 33.916405 seconds.
  path: Assets/Scripts/Clone.cs
  artifactKey: Guid(7997658da6dda2247ab38a6fa43dd034) Importer(815301076,1909f56bfc062723c751e8b465ee728b)
Start importing Assets/Scripts/Clone.cs using Guid(7997658da6dda2247ab38a6fa43dd034) Importer(815301076,1909f56bfc062723c751e8b465ee728b)  -> (artifact id: 'ceee6d243b9bacf8b5f7affbc6f5732f') in 0.049973 seconds
  Import took 0.070186 seconds .

========================================================================
Received Prepare
Registering precompiled user dll's ...
Registered in 0.008213 seconds.
Begin MonoManager ReloadAssembly
Native extension for WindowsStandalone target not found
Refreshing native plugins compatible for Editor in 0.84 ms, found 2 plugins.
Preloading 0 native plugins for Editor in 0.00 ms.
Mono: successfully reloaded assembly
- Completed reload, in  1.576 seconds
Platform modules already initialized, skipping
Refreshing native plugins compatible for Editor in 0.76 ms, found 2 plugins.
Preloading 0 native plugins for Editor in 0.00 ms.
Unloading 1936 Unused Serialized files (Serialized files now loaded: 0)
System memory in use before: 80.2 MB.
System memory in use after: 80.4 MB.

Unloading 50 unused Assets to reduce memory usage. Loaded Objects now: 2357.
Total: 7.010100 ms (FindLiveObjects: 0.203600 ms CreateObjectMapping: 0.071500 ms MarkObjects: 6.692100 ms  DeleteObjects: 0.041400 ms)

========================================================================
Received Prepare
Registering precompiled user dll's ...
Registered in 0.005063 seconds.
Begin MonoManager ReloadAssembly
Native extension for WindowsStandalone target not found
Refreshing native plugins compatible for Editor in 0.72 ms, found 2 plugins.
Preloading 0 native plugins for Editor in 0.00 ms.
Mono: successfully reloaded assembly
- Completed reload, in  1.368 seconds
Platform modules already initialized, skipping
Refreshing native plugins compatible for Editor in 0.77 ms, found 2 plugins.
Preloading 0 native plugins for Editor in 0.00 ms.
Unloading 1936 Unused Serialized files (Serialized files now loaded: 0)
System memory in use before: 80.3 MB.
System memory in use after: 80.4 MB.

Unloading 49 unused Assets to reduce memory usage. Loaded Objects now: 2360.
Total: 7.029100 ms (FindLiveObjects: 0.213200 ms CreateObjectMapping: 0.088900 ms MarkObjects: 6.679500 ms  DeleteObjects: 0.045700 ms)

========================================================================
Received Prepare
Registering precompiled user dll's ...
Registered in 0.005452 seconds.
Begin MonoManager ReloadAssembly
Native extension for WindowsStandalone target not found
Refreshing native plugins compatible for Editor in 0.88 ms, found 2 plugins.
Preloading 0 native plugins for Editor in 0.00 ms.
Mono: successfully reloaded assembly
- Completed reload, in  1.482 seconds
Platform modules already initialized, skipping
Refreshing native plugins compatible for Editor in 1.22 ms, found 2 plugins.
Preloading 0 native plugins for Editor in 0.00 ms.
Unloading 1936 Unused Serialized files (Serialized files now loaded: 0)
System memory in use before: 80.3 MB.
System memory in use after: 80.4 MB.

Unloading 49 unused Assets to reduce memory usage. Loaded Objects now: 2363.
Total: 7.154400 ms (FindLiveObjects: 0.301100 ms CreateObjectMapping: 0.125300 ms MarkObjects: 6.667600 ms  DeleteObjects: 0.057900 ms)

========================================================================
Received Prepare
Registering precompiled user dll's ...
Registered in 0.005598 seconds.
Begin MonoManager ReloadAssembly
Native extension for WindowsStandalone target not found
Refreshing native plugins compatible for Editor in 0.74 ms, found 2 plugins.
Preloading 0 native plugins for Editor in 0.00 ms.
Mono: successfully reloaded assembly
- Completed reload, in  1.537 seconds
Platform modules already initialized, skipping
Refreshing native plugins compatible for Editor in 0.71 ms, found 2 plugins.
Preloading 0 native plugins for Editor in 0.00 ms.
Unloading 1936 Unused Serialized files (Serialized files now loaded: 0)
System memory in use before: 80.3 MB.
System memory in use after: 80.4 MB.

Unloading 49 unused Assets to reduce memory usage. Loaded Objects now: 2366.
Total: 7.161500 ms (FindLiveObjects: 0.210900 ms CreateObjectMapping: 0.083800 ms MarkObjects: 6.825600 ms  DeleteObjects: 0.039300 ms)

========================================================================
Received Prepare
Registering precompiled user dll's ...
Registered in 0.007918 seconds.
Begin MonoManager ReloadAssembly
Native extension for WindowsStandalone target not found
Refreshing native plugins compatible for Editor in 0.70 ms, found 2 plugins.
Preloading 0 native plugins for Editor in 0.00 ms.
Mono: successfully reloaded assembly
- Completed reload, in  1.571 seconds
Platform modules already initialized, skipping
Refreshing native plugins compatible for Editor in 0.69 ms, found 2 plugins.
Preloading 0 native plugins for Editor in 0.00 ms.
Unloading 1936 Unused Serialized files (Serialized files now loaded: 0)
System memory in use before: 80.3 MB.
System memory in use after: 80.4 MB.

Unloading 49 unused Assets to reduce memory usage. Loaded Objects now: 2369.
Total: 6.965100 ms (FindLiveObjects: 0.209200 ms CreateObjectMapping: 0.070400 ms MarkObjects: 6.642300 ms  DeleteObjects: 0.041500 ms)

========================================================================
Received Prepare
Registering precompiled user dll's ...
Registered in 0.010478 seconds.
Begin MonoManager ReloadAssembly
Native extension for WindowsStandalone target not found
Refreshing native plugins compatible for Editor in 0.87 ms, found 2 plugins.
Preloading 0 native plugins for Editor in 0.00 ms.
Mono: successfully reloaded assembly
- Completed reload, in  1.606 seconds
Platform modules already initialized, skipping
Refreshing native plugins compatible for Editor in 0.69 ms, found 2 plugins.
Preloading 0 native plugins for Editor in 0.00 ms.
Unloading 1936 Unused Serialized files (Serialized files now loaded: 0)
System memory in use before: 80.3 MB.
System memory in use after: 80.4 MB.

Unloading 49 unused Assets to reduce memory usage. Loaded Objects now: 2372.
Total: 7.606600 ms (FindLiveObjects: 0.264300 ms CreateObjectMapping: 0.132200 ms MarkObjects: 7.166600 ms  DeleteObjects: 0.041900 ms)

========================================================================
Received Prepare
Registering precompiled user dll's ...
Registered in 0.007300 seconds.
Begin MonoManager ReloadAssembly
Native extension for WindowsStandalone target not found
Refreshing native plugins compatible for Editor in 0.70 ms, found 2 plugins.
Preloading 0 native plugins for Editor in 0.00 ms.
Mono: successfully reloaded assembly
- Completed reload, in  1.408 seconds
Platform modules already initialized, skipping
Refreshing native plugins compatible for Editor in 0.70 ms, found 2 plugins.
Preloading 0 native plugins for Editor in 0.00 ms.
Unloading 1936 Unused Serialized files (Serialized files now loaded: 0)
System memory in use before: 80.3 MB.
System memory in use after: 80.4 MB.

Unloading 49 unused Assets to reduce memory usage. Loaded Objects now: 2375.
Total: 6.472600 ms (FindLiveObjects: 0.207200 ms CreateObjectMapping: 0.094200 ms MarkObjects: 6.129300 ms  DeleteObjects: 0.040600 ms)

========================================================================
Received Prepare
Registering precompiled user dll's ...
Registered in 0.005830 seconds.
Begin MonoManager ReloadAssembly
Native extension for WindowsStandalone target not found
Refreshing native plugins compatible for Editor in 0.81 ms, found 2 plugins.
Preloading 0 native plugins for Editor in 0.00 ms.
Mono: successfully reloaded assembly
- Completed reload, in  1.431 seconds
Platform modules already initialized, skipping
Refreshing native plugins compatible for Editor in 0.71 ms, found 2 plugins.
Preloading 0 native plugins for Editor in 0.00 ms.
Unloading 1936 Unused Serialized files (Serialized files now loaded: 0)
System memory in use before: 80.3 MB.
System memory in use after: 80.4 MB.

Unloading 49 unused Assets to reduce memory usage. Loaded Objects now: 2378.
Total: 8.800800 ms (FindLiveObjects: 0.210600 ms CreateObjectMapping: 0.089300 ms MarkObjects: 8.454300 ms  DeleteObjects: 0.045000 ms)

========================================================================
Received Prepare
Registering precompiled user dll's ...
Registered in 0.005652 seconds.
Begin MonoManager ReloadAssembly
Native extension for WindowsStandalone target not found
Refreshing native plugins compatible for Editor in 1.19 ms, found 2 plugins.
Preloading 0 native plugins for Editor in 0.00 ms.
Mono: successfully reloaded assembly
- Completed reload, in  1.646 seconds
Platform modules already initialized, skipping
Refreshing native plugins compatible for Editor in 0.70 ms, found 2 plugins.
Preloading 0 native plugins for Editor in 0.00 ms.
Unloading 1936 Unused Serialized files (Serialized files now loaded: 0)
System memory in use before: 80.3 MB.
System memory in use after: 80.4 MB.

Unloading 49 unused Assets to reduce memory usage. Loaded Objects now: 2381.
Total: 7.240000 ms (FindLiveObjects: 0.205200 ms CreateObjectMapping: 0.071400 ms MarkObjects: 6.920000 ms  DeleteObjects: 0.042100 ms)

========================================================================
Received Prepare
Registering precompiled user dll's ...
Registered in 0.005205 seconds.
Begin MonoManager ReloadAssembly
Native extension for WindowsStandalone target not found
Refreshing native plugins compatible for Editor in 0.77 ms, found 2 plugins.
Preloading 0 native plugins for Editor in 0.00 ms.
Mono: successfully reloaded assembly
- Completed reload, in  1.487 seconds
Platform modules already initialized, skipping
Refreshing native plugins compatible for Editor in 0.72 ms, found 2 plugins.
Preloading 0 native plugins for Editor in 0.00 ms.
Unloading 1936 Unused Serialized files (Serialized files now loaded: 0)
System memory in use before: 80.3 MB.
System memory in use after: 80.4 MB.

Unloading 49 unused Assets to reduce memory usage. Loaded Objects now: 2384.
Total: 6.933200 ms (FindLiveObjects: 0.219300 ms CreateObjectMapping: 0.091600 ms MarkObjects: 6.580700 ms  DeleteObjects: 0.039900 ms)

========================================================================
Received Prepare
Registering precompiled user dll's ...
Registered in 0.006822 seconds.
Begin MonoManager ReloadAssembly
Native extension for WindowsStandalone target not found
Refreshing native plugins compatible for Editor in 0.71 ms, found 2 plugins.
Preloading 0 native plugins for Editor in 0.00 ms.
Mono: successfully reloaded assembly
- Completed reload, in  1.449 seconds
Platform modules already initialized, skipping
Refreshing native plugins compatible for Editor in 1.09 ms, found 2 plugins.
Preloading 0 native plugins for Editor in 0.00 ms.
Unloading 1936 Unused Serialized files (Serialized files now loaded: 0)
System memory in use before: 80.3 MB.
System memory in use after: 80.4 MB.

Unloading 49 unused Assets to reduce memory usage. Loaded Objects now: 2387.
Total: 7.931100 ms (FindLiveObjects: 0.205400 ms CreateObjectMapping: 0.086600 ms MarkObjects: 7.583200 ms  DeleteObjects: 0.054000 ms)

========================================================================
Received Prepare
Registering precompiled user dll's ...
Registered in 0.007223 seconds.
Begin MonoManager ReloadAssembly
Native extension for WindowsStandalone target not found
Refreshing native plugins compatible for Editor in 0.98 ms, found 2 plugins.
Preloading 0 native plugins for Editor in 0.00 ms.
Mono: successfully reloaded assembly
- Completed reload, in  1.833 seconds
Platform modules already initialized, skipping
Refreshing native plugins compatible for Editor in 0.79 ms, found 2 plugins.
Preloading 0 native plugins for Editor in 0.00 ms.
Unloading 1936 Unused Serialized files (Serialized files now loaded: 0)
System memory in use before: 80.3 MB.
System memory in use after: 80.4 MB.

Unloading 49 unused Assets to reduce memory usage. Loaded Objects now: 2390.
Total: 8.914300 ms (FindLiveObjects: 0.217100 ms CreateObjectMapping: 0.092100 ms MarkObjects: 8.558200 ms  DeleteObjects: 0.045000 ms)

========================================================================
Received Prepare
Registering precompiled user dll's ...
Registered in 0.005438 seconds.
Begin MonoManager ReloadAssembly
Native extension for WindowsStandalone target not found
Refreshing native plugins compatible for Editor in 0.76 ms, found 2 plugins.
Preloading 0 native plugins for Editor in 0.00 ms.
Mono: successfully reloaded assembly
- Completed reload, in  1.680 seconds
Platform modules already initialized, skipping
Refreshing native plugins compatible for Editor in 0.97 ms, found 2 plugins.
Preloading 0 native plugins for Editor in 0.00 ms.
Unloading 1936 Unused Serialized files (Serialized files now loaded: 0)
System memory in use before: 80.3 MB.
System memory in use after: 80.4 MB.

Unloading 49 unused Assets to reduce memory usage. Loaded Objects now: 2393.
Total: 7.025700 ms (FindLiveObjects: 0.210000 ms CreateObjectMapping: 0.088300 ms MarkObjects: 6.676400 ms  DeleteObjects: 0.049500 ms)

========================================================================
Received Prepare
Registering precompiled user dll's ...
Registered in 0.005836 seconds.
Begin MonoManager ReloadAssembly
Native extension for WindowsStandalone target not found
Refreshing native plugins compatible for Editor in 0.71 ms, found 2 plugins.
Preloading 0 native plugins for Editor in 0.00 ms.
Mono: successfully reloaded assembly
- Completed reload, in  1.479 seconds
Platform modules already initialized, skipping
Refreshing native plugins compatible for Editor in 0.78 ms, found 2 plugins.
Preloading 0 native plugins for Editor in 0.00 ms.
Unloading 1936 Unused Serialized files (Serialized files now loaded: 0)
System memory in use before: 80.3 MB.
System memory in use after: 80.4 MB.

Unloading 49 unused Assets to reduce memory usage. Loaded Objects now: 2396.
Total: 7.649700 ms (FindLiveObjects: 0.209500 ms CreateObjectMapping: 0.092300 ms MarkObjects: 7.303900 ms  DeleteObjects: 0.042400 ms)

========================================================================
Received Prepare
Registering precompiled user dll's ...
Registered in 0.005527 seconds.
Begin MonoManager ReloadAssembly
Native extension for WindowsStandalone target not found
Refreshing native plugins compatible for Editor in 0.73 ms, found 2 plugins.
Preloading 0 native plugins for Editor in 0.00 ms.
Mono: successfully reloaded assembly
- Completed reload, in  1.551 seconds
Platform modules already initialized, skipping
Refreshing native plugins compatible for Editor in 0.81 ms, found 2 plugins.
Preloading 0 native plugins for Editor in 0.00 ms.
Unloading 1936 Unused Serialized files (Serialized files now loaded: 0)
System memory in use before: 80.3 MB.
System memory in use after: 80.5 MB.

Unloading 49 unused Assets to reduce memory usage. Loaded Objects now: 2399.
Total: 7.952300 ms (FindLiveObjects: 0.286100 ms CreateObjectMapping: 0.108500 ms MarkObjects: 7.513600 ms  DeleteObjects: 0.042300 ms)

========================================================================
Received Prepare
Registering precompiled user dll's ...
Registered in 0.005608 seconds.
Begin MonoManager ReloadAssembly
Native extension for WindowsStandalone target not found
Refreshing native plugins compatible for Editor in 0.78 ms, found 2 plugins.
Preloading 0 native plugins for Editor in 0.00 ms.
Mono: successfully reloaded assembly
- Completed reload, in  1.800 seconds
Platform modules already initialized, skipping
Refreshing native plugins compatible for Editor in 1.34 ms, found 2 plugins.
Preloading 0 native plugins for Editor in 0.00 ms.
Unloading 1936 Unused Serialized files (Serialized files now loaded: 0)
System memory in use before: 80.3 MB.
System memory in use after: 80.5 MB.

Unloading 49 unused Assets to reduce memory usage. Loaded Objects now: 2402.
Total: 6.707300 ms (FindLiveObjects: 0.205800 ms CreateObjectMapping: 0.090800 ms MarkObjects: 6.362800 ms  DeleteObjects: 0.045800 ms)

========================================================================
Received Prepare
Registering precompiled user dll's ...
Registered in 0.005256 seconds.
Begin MonoManager ReloadAssembly
Native extension for WindowsStandalone target not found
Refreshing native plugins compatible for Editor in 0.70 ms, found 2 plugins.
Preloading 0 native plugins for Editor in 0.00 ms.
Mono: successfully reloaded assembly
- Completed reload, in  1.513 seconds
Platform modules already initialized, skipping
Refreshing native plugins compatible for Editor in 0.70 ms, found 2 plugins.
Preloading 0 native plugins for Editor in 0.00 ms.
Unloading 1936 Unused Serialized files (Serialized files now loaded: 0)
System memory in use before: 80.4 MB.
System memory in use after: 80.5 MB.

Unloading 49 unused Assets to reduce memory usage. Loaded Objects now: 2405.
Total: 7.134900 ms (FindLiveObjects: 0.209100 ms CreateObjectMapping: 0.070100 ms MarkObjects: 6.813500 ms  DeleteObjects: 0.040600 ms)

========================================================================
Received Prepare
Registering precompiled user dll's ...
Registered in 0.005708 seconds.
Begin MonoManager ReloadAssembly
Native extension for WindowsStandalone target not found
Refreshing native plugins compatible for Editor in 0.77 ms, found 2 plugins.
Preloading 0 native plugins for Editor in 0.00 ms.
Mono: successfully reloaded assembly
- Completed reload, in  1.515 seconds
Platform modules already initialized, skipping
Refreshing native plugins compatible for Editor in 0.69 ms, found 2 plugins.
Preloading 0 native plugins for Editor in 0.00 ms.
Unloading 1936 Unused Serialized files (Serialized files now loaded: 0)
System memory in use before: 80.4 MB.
System memory in use after: 80.5 MB.

Unloading 49 unused Assets to reduce memory usage. Loaded Objects now: 2408.
Total: 7.275000 ms (FindLiveObjects: 0.214800 ms CreateObjectMapping: 0.086100 ms MarkObjects: 6.928300 ms  DeleteObjects: 0.044600 ms)

========================================================================
Received Prepare
Registering precompiled user dll's ...
Registered in 0.005790 seconds.
Begin MonoManager ReloadAssembly
Native extension for WindowsStandalone target not found
Refreshing native plugins compatible for Editor in 0.77 ms, found 2 plugins.
Preloading 0 native plugins for Editor in 0.00 ms.
Mono: successfully reloaded assembly
- Completed reload, in  1.649 seconds
Platform modules already initialized, skipping
Refreshing native plugins compatible for Editor in 1.16 ms, found 2 plugins.
Preloading 0 native plugins for Editor in 0.00 ms.
Unloading 1936 Unused Serialized files (Serialized files now loaded: 0)
System memory in use before: 80.4 MB.
System memory in use after: 80.5 MB.

Unloading 49 unused Assets to reduce memory usage. Loaded Objects now: 2411.
Total: 7.335600 ms (FindLiveObjects: 0.219700 ms CreateObjectMapping: 0.078400 ms MarkObjects: 6.992800 ms  DeleteObjects: 0.042700 ms)

========================================================================
Received Prepare
Registering precompiled user dll's ...
Registered in 0.005139 seconds.
Begin MonoManager ReloadAssembly
Native extension for WindowsStandalone target not found
Refreshing native plugins compatible for Editor in 0.71 ms, found 2 plugins.
Preloading 0 native plugins for Editor in 0.00 ms.
Mono: successfully reloaded assembly
- Completed reload, in  1.513 seconds
Platform modules already initialized, skipping
Refreshing native plugins compatible for Editor in 0.87 ms, found 2 plugins.
Preloading 0 native plugins for Editor in 0.00 ms.
Unloading 1936 Unused Serialized files (Serialized files now loaded: 0)
System memory in use before: 80.4 MB.
System memory in use after: 80.5 MB.

Unloading 49 unused Assets to reduce memory usage. Loaded Objects now: 2414.
Total: 7.860400 ms (FindLiveObjects: 0.281300 ms CreateObjectMapping: 0.134200 ms MarkObjects: 7.403400 ms  DeleteObjects: 0.040000 ms)

AssetImportWorkerClient::OnTransportError - code=2 error=End of file
